<?xml version="1.0" encoding="UTF-8"?>
<testsuite xmlns:xsi="http://www.w3.org/2001/XMLSchema-instance" xsi:noNamespaceSchemaLocation="https://maven.apache.org/surefire/maven-surefire-plugin/xsd/surefire-test-report.xsd" name="org.test.PokemonControllerTest" time="1.88" tests="2" errors="0" skipped="0" failures="0">
  <properties>
[...]
</properties>
  <testcase name="testGetPokemonData_Failure" classname="org.test.PokemonControllerTest" time="1.333"/>
  <testcase name="testGetPokemonData_Success" classname="org.test.PokemonControllerTest" time="0.014"/>
</testsuite>