<?xml version="1.0" encoding="UTF-8"?>
<testng-results ignored="0" total="2" passed="2" failed="0" skipped="0">
  <reporter-output>
  </reporter-output>
  <suite started-at="2023-06-13T19:26:10 BRT" name="Surefire suite" finished-at="2023-06-13T19:26:11 BRT" duration-ms="964">
    <groups>
    </groups>
    <test started-at="2023-06-13T19:26:10 BRT" name="Surefire test" finished-at="2023-06-13T19:26:11 BRT" duration-ms="964">
      <class name="org.test.PokemonControllerTest">
        <test-method signature="testGetPokemonData_Failure()[pri:0, instance:org.test.PokemonControllerTest@1372ed45]" started-at="2023-06-13T19:26:10 BRT" name="testGetPokemonData_Failure" finished-at="2023-06-13T19:26:11 BRT" duration-ms="921" status="PASS">
          <reporter-output>
          </reporter-output>
        </test-method> <!-- testGetPokemonData_Failure -->
        <test-method signature="testGetPokemonData_Success()[pri:0, instance:org.test.PokemonControllerTest@1372ed45]" started-at="2023-06-13T19:26:11 BRT" name="testGetPokemonData_Success" finished-at="2023-06-13T19:26:11 BRT" duration-ms="10" status="PASS">
          <reporter-output>
          </reporter-output>
        </test-method> <!-- testGetPokemonData_Success -->
      </class> <!-- org.test.PokemonControllerTest -->
    </test> <!-- Surefire test -->
  </suite> <!-- Surefire suite -->
</testng-results>
